Services/app/build/intermediates/manifest_merge_blame_file/debug/manifest-merger-blame-debug-report.txt
1<?xml version="1.0" encoding="utf-8"?>
2<manifest xmlns:android="http://schemas.android.com/apk/res/android"
3    package="com.example.myapplication"
4    android:versionCode="1"
5    android:versionName="1.0" >
6
7    <uses-sdk
8        android:minSdkVersion="21"
8-->src/main/AndroidManifest.xml
9        android:targetSdkVersion="29" />
9-->src/main/AndroidManifest.xml
10
11    <uses-permission android:name="android.permission.ACCESS_NETWORK_STATE" />
11-->src/main/AndroidManifest.xml:5:5-79
11-->src/main/AndroidManifest.xml:5:22-76
12    <uses-permission android:name="android.permission.WRITE_EXTERNAL_STORAGE" />
12-->src/main/AndroidManifest.xml:6:5-80
12-->src/main/AndroidManifest.xml:6:22-78
13    <uses-permission android:name="android.permission.READ_EXTERNAL_STORAGE" />
13-->src/main/AndroidManifest.xml:7:5-79
13-->src/main/AndroidManifest.xml:7:22-77
14    <uses-permission android:name="android.permission.CAMERA" />
14-->src/main/AndroidManifest.xml:8:5-64
14-->src/main/AndroidManifest.xml:8:22-62
15    <uses-permission android:name="android.permission.INTERNET" />
15-->src/main/AndroidManifest.xml:9:5-66
15-->src/main/AndroidManifest.xml:9:22-64
16
17    <application
17-->src/main/AndroidManifest.xml:10:5-25:19
18        android:allowBackup="true"
18-->src/main/AndroidManifest.xml:11:9-35
19        android:appComponentFactory="androidx.core.app.CoreComponentFactory"
19-->[androidx.core:core:1.1.0] AndroidManifest.xml:24:18-86
20        android:debuggable="true"
21        android:icon="@mipmap/ic_launcher"
21-->src/main/AndroidManifest.xml:12:9-43
22        android:label="@string/app_name"
22-->src/main/AndroidManifest.xml:13:9-41
23        android:requestLegacyExternalStorage="true"
23-->src/main/AndroidManifest.xml:14:9-52
24        android:roundIcon="@mipmap/ic_launcher_round"
24-->src/main/AndroidManifest.xml:15:9-54
25        android:supportsRtl="true"
25-->src/main/AndroidManifest.xml:16:9-35
26        android:testOnly="true"
27        android:theme="@style/AppTheme" >
27-->src/main/AndroidManifest.xml:17:9-40
28        <activity android:name="com.example.myapplication.MainActivity" >
28-->src/main/AndroidManifest.xml:18:9-23:20
28-->src/main/AndroidManifest.xml:18:19-47
29            <intent-filter>
29-->src/main/AndroidManifest.xml:19:13-22:29
30                <action android:name="android.intent.action.MAIN" />
30-->src/main/AndroidManifest.xml:20:17-69
30-->src/main/AndroidManifest.xml:20:25-66
31
32                <category android:name="android.intent.category.LAUNCHER" />
32-->src/main/AndroidManifest.xml:21:17-77
32-->src/main/AndroidManifest.xml:21:27-74
33            </intent-filter>
34        </activity>
35
36        <service android:name="com.example.myapplication.DownloaderService" />
36-->src/main/AndroidManifest.xml:24:9-53
36-->src/main/AndroidManifest.xml:24:18-51
37    </application>
38
39</manifest>